<?xml version="1.0" encoding="UTF-8"?>
<testng-results skipped="0" failed="0" ignored="0" total="1" passed="1">
  <reporter-output>
  </reporter-output>
  <suite name="Suite" duration-ms="42" started-at="2019-08-07T12:00:03Z" finished-at="2019-08-07T12:00:03Z">
    <groups>
    </groups>
    <test name="Test" duration-ms="42" started-at="2019-08-07T12:00:03Z" finished-at="2019-08-07T12:00:03Z">
      <class name="org.vini.ViniMavenJnekins.ViniTest">
        <test-method status="PASS" signature="display()[pri:0, instance:org.vini.ViniMavenJnekins.ViniTest@17c68925]" name="display" duration-ms="9" started-at="2019-08-07T12:00:03Z" finished-at="2019-08-07T12:00:03Z">
          <reporter-output>
          </reporter-output>
        </test-method> <!-- display -->
      </class> <!-- org.vini.ViniMavenJnekins.ViniTest -->
    </test> <!-- Test -->
  </suite> <!-- Suite -->
</testng-results>
