<?xml version="1.0" encoding="UTF-8"?>
<testng-results skipped="0" failed="0" ignored="0" total="1" passed="1">
  <reporter-output>
  </reporter-output>
  <suite name="Suite" duration-ms="66" started-at="2019-08-06T12:12:18Z" finished-at="2019-08-06T12:12:18Z">
    <groups>
    </groups>
    <test name="Test" duration-ms="66" started-at="2019-08-06T12:12:18Z" finished-at="2019-08-06T12:12:18Z">
      <class name="org.vini.ViniMavenJnekins.VinTest">
        <test-method status="PASS" signature="showText()[pri:0, instance:org.vini.ViniMavenJnekins.VinTest@224edc67]" name="showText" duration-ms="20" started-at="2019-08-06T12:12:18Z" finished-at="2019-08-06T12:12:18Z">
          <reporter-output>
          </reporter-output>
        </test-method> <!-- showText -->
      </class> <!-- org.vini.ViniMavenJnekins.VinTest -->
    </test> <!-- Test -->
  </suite> <!-- Suite -->
</testng-results>
